<?xml version="1.0" encoding="UTF-8"?>
<!-- Generated by org.testng.reporters.JUnitXMLReporter -->
<testsuite ignored="4" hostname="Sampats-MacBook-Pro.local" failures="2" tests="2" name="Default test(failed)" time="8.888" errors="0" timestamp="2022-08-12T14:05:35 IST">
  <testcase classname="testCases.loginPage" name="method4" time="0.009">
    <failure type="java.lang.AssertionError" message="expected [true] but found [false]">
      <![CDATA[java.lang.AssertionError: expected [true] but found [false]
at testCases.loginPage.method4(loginPage.java:86)
at java.base/java.util.ArrayList.forEach(ArrayList.java:1511)
... Removed 29 stack frames]]>
    </failure>
  </testcase> <!-- method4 -->
  <testcase classname="testCases.loginPage" name="method3" time="0.004">
    <failure type="java.lang.AssertionError" message="expected [true] but found [false]">
      <![CDATA[java.lang.AssertionError: expected [true] but found [false]
at testCases.loginPage.method3(loginPage.java:77)
at java.base/java.util.ArrayList.forEach(ArrayList.java:1511)
... Removed 29 stack frames]]>
    </failure>
  </testcase> <!-- method3 -->
  <testcase classname="testCases.loginPage" name="method2" time="0.0">
    <ignored/>
  </testcase> <!-- method2 -->
  <testcase classname="testCases.loginPage" name="method1" time="0.0">
    <ignored/>
  </testcase> <!-- method1 -->
  <testcase classname="testCases.loginPage" name="LoginTest" time="0.0">
    <ignored/>
  </testcase> <!-- LoginTest -->
  <testcase classname="testCases.loginPage" name="method5" time="0.0">
    <ignored/>
  </testcase> <!-- method5 -->
</testsuite> <!-- Default test(failed) -->
