<?xml version="1.0" encoding="UTF-8"?>
<!-- Generated by org.testng.reporters.JUnitXMLReporter -->
<testsuite ignored="1" hostname="Sampats-MacBook-Pro.local" failures="0" tests="1" name="Test(failed)" time="5.175" errors="0" timestamp="2022-07-30T12:21:39 IST">
  <testcase classname="testCases.testClassByPgafactory" name="faceBookTest" time="0.252"/>
  <testcase classname="testCases.testClassByPgafactory" name="SignUpFacebook" time="0.0">
    <ignored/>
  </testcase> <!-- SignUpFacebook -->
</testsuite> <!-- Test(failed) -->
